Flow report for SoftCpu
Thu Jan 26 14:44:23 2017
Quartus II Version 8.0 Build 215 05/29/2008 SJ Full Version


---------------------
; Table of Contents ;
---------------------
  1. Legal Notice
  2. Flow Summary
  3. Flow Settings
  4. Flow Non-Default Global Settings
  5. Flow Elapsed Time
  6. Flow Log



----------------
; Legal Notice ;
----------------
Copyright (C) 1991-2008 Altera Corporation
Your use of Altera Corporation's design tools, logic functions 
and other software and tools, and its AMPP partner logic 
functions, and any output files from any of the foregoing 
(including device programming or simulation files), and any 
associated documentation or information are expressly subject 
to the terms and conditions of the Altera Program License 
Subscription Agreement, Altera MegaCore Function License 
Agreement, or other applicable license agreement, including, 
without limitation, that your use is for the sole purpose of 
programming logic devices manufactured by Altera and sold by 
Altera or its authorized distributors.  Please refer to the 
applicable agreement for further details.



+-------------------------------------------------------------------------------+
; Flow Summary                                                                  ;
+------------------------------------+------------------------------------------+
; Flow Status                        ; Successful - Thu Jan 26 14:44:23 2017    ;
; Quartus II Version                 ; 8.0 Build 215 05/29/2008 SJ Full Version ;
; Revision Name                      ; SoftCpu                                  ;
; Top-level Entity Name              ; SoftCpu                                  ;
; Family                             ; Cyclone II                               ;
; Device                             ; EP2C20F256C7                             ;
; Timing Models                      ; Final                                    ;
; Met timing requirements            ; Yes                                      ;
; Total logic elements               ; 254 / 18,752 ( 1 % )                     ;
;     Total combinational functions  ; 254 / 18,752 ( 1 % )                     ;
;     Dedicated logic registers      ; 69 / 18,752 ( < 1 % )                    ;
; Total registers                    ; 69                                       ;
; Total pins                         ; 119 / 152 ( 78 % )                       ;
; Total virtual pins                 ; 0                                        ;
; Total memory bits                  ; 10,240 / 239,616 ( 4 % )                 ;
; Embedded Multiplier 9-bit elements ; 0 / 52 ( 0 % )                           ;
; Total PLLs                         ; 0 / 4 ( 0 % )                            ;
+------------------------------------+------------------------------------------+


+-----------------------------------------+
; Flow Settings                           ;
+-------------------+---------------------+
; Option            ; Setting             ;
+-------------------+---------------------+
; Start date & time ; 01/26/2017 14:44:04 ;
; Main task         ; Compilation         ;
; Revision Name     ; SoftCpu             ;
+-------------------+---------------------+


+----------------------------------------------------------------------------------------------------------------+
; Flow Non-Default Global Settings                                                                               ;
+------------------------------------+--------------------------------+---------------+-------------+------------+
; Assignment Name                    ; Value                          ; Default Value ; Entity Name ; Section Id ;
+------------------------------------+--------------------------------+---------------+-------------+------------+
; COMPILER_SIGNATURE_ID              ; 75236409474197.148541664405240 ; --            ; --          ; --         ;
; IP_TOOL_NAME                       ; RAM: 1-PORT                    ; --            ; --          ; --         ;
; IP_TOOL_NAME                       ; LPM_ADD_SUB                    ; --            ; --          ; --         ;
; IP_TOOL_NAME                       ; ROM: 1-PORT                    ; --            ; --          ; --         ;
; IP_TOOL_VERSION                    ; 8.0                            ; --            ; --          ; --         ;
; IP_TOOL_VERSION                    ; 8.0                            ; --            ; --          ; --         ;
; IP_TOOL_VERSION                    ; 8.0                            ; --            ; --          ; --         ;
; MISC_FILE                          ; lib/ram8.tdf                   ; --            ; --          ; --         ;
; MISC_FILE                          ; lib/ram8.inc                   ; --            ; --          ; --         ;
; MISC_FILE                          ; lib/alu8.tdf                   ; --            ; --          ; --         ;
; MISC_FILE                          ; lib/alu8.inc                   ; --            ; --          ; --         ;
; MISC_FILE                          ; lib/rom32.tdf                  ; --            ; --          ; --         ;
; MISC_FILE                          ; lib/rom32.inc                  ; --            ; --          ; --         ;
; PARTITION_COLOR                    ; 14622752                       ; --            ; --          ; Top        ;
; PARTITION_NETLIST_TYPE             ; SOURCE                         ; --            ; --          ; Top        ;
; SEARCH_PATH                        ; lib                            ; --            ; --          ; --         ;
; USE_GENERATED_PHYSICAL_CONSTRAINTS ; Off                            ; --            ; --          ; eda_palace ;
+------------------------------------+--------------------------------+---------------+-------------+------------+


+-----------------------------------------------------------------------------------------------------------------------------+
; Flow Elapsed Time                                                                                                           ;
+-------------------------+--------------+-------------------------+---------------------+------------------------------------+
; Module Name             ; Elapsed Time ; Average Processors Used ; Peak Virtual Memory ; Total CPU Time (on all processors) ;
+-------------------------+--------------+-------------------------+---------------------+------------------------------------+
; Analysis & Synthesis    ; 00:00:04     ; 1.0                     ; 221 MB              ; 00:00:04                           ;
; Fitter                  ; 00:00:07     ; 1.0                     ; 258 MB              ; 00:00:07                           ;
; Assembler               ; 00:00:03     ; 1.0                     ; 224 MB              ; 00:00:03                           ;
; Classic Timing Analyzer ; 00:00:01     ; 1.0                     ; 177 MB              ; 00:00:00                           ;
; Total                   ; 00:00:15     ; --                      ; --                  ; 00:00:14                           ;
+-------------------------+--------------+-------------------------+---------------------+------------------------------------+


------------
; Flow Log ;
------------
quartus_map --read_settings_files=on --write_settings_files=off SoftCpu -c SoftCpu
quartus_fit --read_settings_files=off --write_settings_files=off SoftCpu -c SoftCpu
quartus_asm --read_settings_files=off --write_settings_files=off SoftCpu -c SoftCpu
quartus_tan --read_settings_files=off --write_settings_files=off SoftCpu -c SoftCpu --timing_analysis_only



